input: a>(b>(a*b))
normalized input: a>(b>(a*b))

deduction theorem: Γ ⊢ a>(b>(a*b)) <=> Γ U {a} ⊢ b>(a*b)
deduction theorem: Γ ⊢ b>(a*b) <=> Γ U {b} ⊢ a*b
1. axiom: A>(B>A)
2. axiom: (A>(B>C))>((A>B)>(A>C))
3. axiom: (!A>!B)>((!A>B)>A)
4. mp(1,1): A>(B>(C>B))
5. mp(2,1): A>((B>(C>D))>((B>C)>(B>D)))
6. mp(4,2): (A>B)>(A>(C>B))
7. mp(5,2): (A>(B>(C>D)))>(A>((B>C)>(B>D)))
8. mp(1,2): (A>B)>(A>A)
9. mp(2,2): ((A>(B>C))>(A>B))>((A>(B>C))>(A>C))
10. mp(3,6): (!A>!B)>(C>((!A>B)>A))
11. mp(7,6): (A>(B>(C>D)))>((A>(B>C))>(A>(B>D)))
12. mp(1,8): A>A
13. mp(4,9): (A>((B>A)>C))>(A>C)
14. mp(10,11): ((!A>!B)>(C>(!A>B)))>((!A>!B)>(C>A))
15. mp(12,2): ((A>B)>A)>((A>B)>B)
16. mp(5,13): (A>B)>((C>A)>(C>B))
17. mp(4,14): (!A>!B)>(B>A)
18. mp(15,16): (A>((B>C)>B))>(A>((B>C)>C))
19. mp(17,1): A>((!B>!C)>(C>B))
20. mp(1,18): A>((A>B)>B)
21. mp(19,2): (A>(!B>!C))>(A>(C>B))
22. mp(20,21): A>(B>(A*B))
change variables: A>(B>(A*B))
B -> b
A -> a
proved: a>(b>(a*b))

