input: a>(a|b)
normalized input: a>(!a>b)

deduction theorem: Γ ⊢ a>(!a>b) <=> Γ U {a} ⊢ !a>b
deduction theorem: Γ ⊢ !a>b <=> Γ U {!a} ⊢ b
1. axiom: a
2. axiom: (A>(B>C))>((A>B)>(A>C))
3. axiom: A>(B>A)
4. axiom: (!A>!B)>((!A>B)>A)
5. mp(2,3): A>((B>(C>D))>((B>C)>(B>D)))
6. mp(10,2): (A>B)>(A>(C>B))
7. mp(5,2): (A>(B>(C>D)))>(A>((B>C)>(B>D)))
8. mp(4,6): (!A>!B)>(C>((!A>B)>A))
9. mp(7,6): (A>(B>(C>D)))>((A>(B>C))>(A>(B>D)))
10. mp(3,3): A>(B>(C>B))
11. mp(8,9): ((!A>!B)>(C>(!A>B)))>((!A>!B)>(C>A))
12. mp(10,11): (!A>!B)>(B>A)
13. mp(2,2): ((A>(B>C))>(A>B))>((A>(B>C))>(A>C))
14. mp(12,3): A>((!B>!C)>(C>B))
15. mp(10,13): (A>((B>A)>C))>(A>C)
16. mp(3,2): (A>B)>(A>A)
17. mp(14,15): !A>(A>B)
18. mp(16,13): (A>(A>B))>(A>B)
19. mp(1,17): !a>A
20. mp(18,6): (A>(A>B))>(C>(A>B))
21. mp(19,20): A>(!a>B)
change variables: A>(!a>B)
B -> b
A -> a
proved: a>(!a>b)

